d:\studies\uni\программирование\geometry\geometry\debug\vc142.pdb
d:\studies\uni\программирование\geometry\geometry\debug\vc142.idb
d:\studies\uni\программирование\geometry\geometry\debug\geometry.obj
d:\studies\uni\программирование\geometry\geometry\debug\geometricobject.obj
d:\studies\uni\программирование\geometry\geometry\debug\point.obj
d:\studies\uni\программирование\geometry\geometry\debug\figure2d.obj
d:\studies\uni\программирование\geometry\geometry\debug\figure3d.obj
d:\studies\uni\программирование\geometry\geometry\debug\circle.obj
d:\studies\uni\программирование\geometry\geometry\debug\straight.obj
d:\studies\uni\программирование\geometry\geometry\debug\menu.obj
d:\studies\uni\программирование\geometry\geometry\debug\curve.obj
d:\studies\uni\программирование\geometry\geometry\debug\line.obj
d:\studies\uni\программирование\geometry\geometry\debug\geometry.exe
d:\studies\uni\программирование\geometry\geometry\debug\geometry.ilk
d:\studies\uni\программирование\geometry\geometry\debug\geometry.pdb
d:\studies\uni\программирование\geometry\geometry\debug\geometry.obj.enc
d:\studies\uni\программирование\geometry\geometry\debug\geometry.tlog\cl.command.1.tlog
d:\studies\uni\программирование\geometry\geometry\debug\geometry.tlog\cl.read.1.tlog
d:\studies\uni\программирование\geometry\geometry\debug\geometry.tlog\cl.write.1.tlog
d:\studies\uni\программирование\geometry\geometry\debug\geometry.tlog\link.command.1.tlog
d:\studies\uni\программирование\geometry\geometry\debug\geometry.tlog\link.read.1.tlog
d:\studies\uni\программирование\geometry\geometry\debug\geometry.tlog\link.write.1.tlog
